Start testing: Sep 10 00:11 EDT
----------------------------------------------------------
1/1 Testing: zquake_tests
1/1 Test: zquake_tests
Command: "/home/rechenplan/Code/zyven/zquake/zquake_tests"
Directory: /home/rechenplan/Code/zyven/zquake
"zquake_tests" start time: Sep 10 00:11 EDT
Output:
----------------------------------------------------------
Randomness seeded to: 2541144203
===============================================================================
All tests passed (4308 assertions in 60 test cases)

<end of output>
Test time =   1.96 sec
----------------------------------------------------------
Test Passed.
"zquake_tests" end time: Sep 10 00:11 EDT
"zquake_tests" time elapsed: 00:00:01
----------------------------------------------------------

End testing: Sep 10 00:11 EDT
